ene 26, 2026 5:55:12 PM controller.LogInWindowController logIn
INFORMACIÃ“N: Logged correctly: asanchez
ene 26, 2026 5:55:13 PM main.Main lambda$start$0
GRAVE: Error in: JavaFX Application Thread - java.lang.NullPointerException: null
ene 26, 2026 5:55:14 PM main.Main lambda$start$0
GRAVE: Error in: JavaFX Application Thread - java.lang.NullPointerException: null
ene 26, 2026 5:55:16 PM main.Main lambda$start$0
GRAVE: Error in: JavaFX Application Thread - java.lang.NullPointerException: null
ene 26, 2026 5:55:16 PM main.Main lambda$start$0
GRAVE: Error in: JavaFX Application Thread - java.lang.NullPointerException: null
ene 26, 2026 7:44:25 PM controller.LogInWindowController logIn
GRAVE: Error trying to login: Invalid credentials
ene 26, 2026 7:46:17 PM controller.LogInWindowController logIn
GRAVE: Error trying to login: Invalid credentials
ene 26, 2026 7:46:20 PM controller.LogInWindowController logIn
GRAVE: Error trying to login: Invalid credentials
ene 26, 2026 7:46:30 PM controller.LogInWindowController logIn
GRAVE: Error trying to login: Invalid credentials
ene 26, 2026 7:47:50 PM controller.LogInWindowController logIn
GRAVE: Error trying to login: Invalid credentials
ene 26, 2026 7:50:43 PM controller.LogInWindowController logIn
GRAVE: Error trying to login: Invalid credentials
ene 26, 2026 7:50:53 PM controller.LogInWindowController logIn
GRAVE: Error trying to login: Invalid credentials
ene 26, 2026 7:50:56 PM controller.LogInWindowController logIn
GRAVE: Error trying to login: Invalid credentials
ene 26, 2026 7:53:56 PM controller.LogInWindowController logIn
GRAVE: Error trying to login: Invalid credentials
ene 26, 2026 7:53:59 PM controller.LogInWindowController logIn
GRAVE: Error trying to login: Invalid credentials
ene 26, 2026 7:54:08 PM controller.LogInWindowController logIn
GRAVE: Error trying to login: Invalid credentials
ene 26, 2026 7:55:00 PM controller.LogInWindowController logIn
GRAVE: Error trying to login: Invalid credentials
ene 26, 2026 7:55:34 PM controller.LogInWindowController logIn
GRAVE: Error trying to login: Database error
ene 26, 2026 7:55:38 PM controller.LogInWindowController logIn
GRAVE: Error trying to login: Invalid credentials
ene 26, 2026 7:56:19 PM controller.LogInWindowController logIn
GRAVE: Error trying to login: Database error
ene 26, 2026 7:56:24 PM controller.LogInWindowController logIn
GRAVE: Error trying to login: Invalid credentials
ene 26, 2026 7:57:46 PM controller.LogInWindowController logIn
GRAVE: Error trying to login: Database error
ene 26, 2026 7:57:51 PM controller.LogInWindowController logIn
GRAVE: Error trying to login: Invalid credentials
ene 26, 2026 7:59:05 PM controller.LogInWindowController logIn
GRAVE: Error trying to login: Database error
ene 26, 2026 7:59:34 PM controller.LogInWindowController logIn
GRAVE: Error trying to login: Database error
ene 26, 2026 7:59:40 PM controller.LogInWindowController logIn
GRAVE: Error trying to login: Invalid credentials
ene 26, 2026 8:00:17 PM controller.LogInWindowController logIn
GRAVE: Error trying to login: Database error
ene 26, 2026 8:00:42 PM controller.LogInWindowController logIn
GRAVE: Error trying to login: Database error
ene 26, 2026 8:00:47 PM controller.LogInWindowController logIn
GRAVE: Error trying to login: Invalid credentials
ene 26, 2026 8:01:21 PM controller.LogInWindowController logIn
GRAVE: Error trying to login: Database error
ene 26, 2026 8:03:49 PM controller.LogInWindowController logIn
GRAVE: Error trying to login: Database error
ene 26, 2026 8:03:56 PM controller.LogInWindowController logIn
GRAVE: Error trying to login: Invalid credentials
ene 26, 2026 8:05:18 PM controller.LogInWindowController logIn
GRAVE: Error trying to login: Database error
ene 26, 2026 8:07:29 PM controller.LogInWindowController logIn
GRAVE: Error trying to login: Database error
ene 26, 2026 8:07:38 PM controller.LogInWindowController logIn
GRAVE: Error trying to login: Invalid credentials
ene 26, 2026 8:07:42 PM controller.LogInWindowController logIn
GRAVE: Error trying to login: Invalid credentials
ene 26, 2026 8:08:44 PM controller.LogInWindowController logIn
GRAVE: Error trying to login: Database error
ene 26, 2026 8:08:58 PM controller.LogInWindowController logIn
GRAVE: Error trying to login: Invalid credentials
ene 26, 2026 8:10:08 PM controller.LogInWindowController logIn
GRAVE: Error trying to login: Database error
ene 26, 2026 8:10:17 PM controller.LogInWindowController logIn
GRAVE: Error trying to login: Invalid credentials
ene 26, 2026 8:10:21 PM controller.LogInWindowController logIn
GRAVE: Error trying to login: Invalid credentials
ene 26, 2026 8:12:06 PM controller.LogInWindowController logIn
GRAVE: Error trying to login: Database error
ene 26, 2026 8:12:11 PM controller.LogInWindowController logIn
GRAVE: Error trying to login: Invalid credentials
ene 26, 2026 8:12:55 PM controller.LogInWindowController logIn
GRAVE: Error trying to login: Database error
ene 26, 2026 8:13:01 PM controller.LogInWindowController logIn
GRAVE: Error trying to login: Invalid credentials
ene 26, 2026 8:13:31 PM controller.LogInWindowController logIn
GRAVE: Error trying to login: Database error
ene 26, 2026 8:13:37 PM controller.LogInWindowController logIn
GRAVE: Error trying to login: Invalid credentials
ene 26, 2026 8:14:33 PM controller.LogInWindowController logIn
GRAVE: Error trying to login: Database error
ene 26, 2026 8:14:42 PM controller.LogInWindowController logIn
GRAVE: Error trying to login: Invalid credentials
ene 26, 2026 8:16:04 PM controller.LogInWindowController logIn
GRAVE: Error trying to login: Database error
ene 26, 2026 8:16:10 PM controller.LogInWindowController logIn
GRAVE: Error trying to login: Invalid credentials
ene 26, 2026 8:17:27 PM controller.LogInWindowController logIn
GRAVE: Error trying to login: Database error
ene 26, 2026 8:17:34 PM controller.LogInWindowController logIn
INFORMACIÓN: Logged correctly: testuser
ene 26, 2026 8:17:38 PM controller.LogInWindowController logIn
GRAVE: Error trying to login: Invalid credentials
ene 26, 2026 8:17:59 PM controller.LogInWindowController logIn
GRAVE: Error trying to login: Database error
ene 26, 2026 8:18:06 PM controller.LogInWindowController logIn
INFORMACIÓN: Logged correctly: testuser
ene 26, 2026 8:18:29 PM controller.LogInWindowController logIn
GRAVE: Error trying to login: Database error
ene 26, 2026 8:18:36 PM controller.LogInWindowController logIn
INFORMACIÓN: Logged correctly: testuser
ene 26, 2026 8:18:40 PM controller.LogInWindowController logIn
GRAVE: Error trying to login: Invalid credentials
ene 26, 2026 8:18:51 PM controller.LogInWindowController logIn
GRAVE: Error trying to login: Database error
ene 26, 2026 8:18:57 PM controller.LogInWindowController logIn
INFORMACIÓN: Logged correctly: testuser
ene 26, 2026 8:19:02 PM controller.LogInWindowController logIn
GRAVE: Error trying to login: Invalid credentials
ene 26, 2026 8:23:35 PM controller.LogInWindowController logIn
INFORMACIÓN: Logged correctly: testuser
ene 26, 2026 8:23:42 PM controller.LogInWindowController logIn
GRAVE: Error trying to login: Database error
ene 26, 2026 8:24:15 PM controller.LogInWindowController logIn
INFORMACIÓN: Logged correctly: testuser
ene 26, 2026 8:24:19 PM controller.LogInWindowController logIn
GRAVE: Error trying to login: Database error
ene 26, 2026 8:25:04 PM controller.LogInWindowController logIn
GRAVE: Error trying to login: Database error
ene 26, 2026 8:25:10 PM controller.LogInWindowController logIn
INFORMACIÓN: Logged correctly: testuser
ene 26, 2026 8:26:02 PM controller.LogInWindowController logIn
GRAVE: Error trying to login: Invalid credentials
ene 26, 2026 8:26:06 PM controller.LogInWindowController logIn
GRAVE: Error trying to login: Database error
ene 26, 2026 8:26:12 PM controller.LogInWindowController logIn
INFORMACIÓN: Logged correctly: testuser
ene 26, 2026 8:26:58 PM controller.LogInWindowController logIn
GRAVE: Error trying to login: Invalid credentials
ene 26, 2026 8:27:01 PM controller.LogInWindowController logIn
GRAVE: Error trying to login: Database error
ene 26, 2026 8:27:07 PM controller.LogInWindowController logIn
INFORMACIÓN: Logged correctly: testuser
ene 26, 2026 8:30:48 PM controller.SignUpWindowController signup
GRAVE: Error in Sign Up: Database error
ene 26, 2026 8:30:59 PM controller.SignUpWindowController signup
GRAVE: Error in Sign Up: Invalid credentials
ene 26, 2026 8:33:20 PM controller.SignUpWindowController signup
GRAVE: Error in Sign Up: Database error
ene 26, 2026 8:34:36 PM controller.SignUpWindowController signup
GRAVE: Error in Sign Up: Database error
ene 26, 2026 8:35:18 PM controller.LogInWindowController logIn
GRAVE: Error trying to login: Invalid credentials
ene 26, 2026 8:35:21 PM controller.LogInWindowController logIn
GRAVE: Error trying to login: Database error
ene 26, 2026 8:35:26 PM controller.LogInWindowController logIn
INFORMACIÓN: Logged correctly: testuser
ene 26, 2026 8:42:29 PM controller.ModifyWindowController save
GRAVE: Failed to save data: Database error
ene 26, 2026 8:42:58 PM controller.ModifyWindowController save
GRAVE: Failed to save data: Database error
ene 26, 2026 8:44:01 PM controller.ModifyWindowController save
GRAVE: Failed to save data: Database error
ene 26, 2026 9:11:29 PM controller.LogInWindowController logIn
INFORMACIÃ“N: Logged correctly: asanchez
ene 26, 2026 9:12:00 PM controller.LogInWindowController logIn
INFORMACIÃ“N: Logged correctly: asanchez
<<<<<<< HEAD
ene 27, 2026 8:13:57 AM controller.LogInWindowController logIn
GRAVE: Error trying to login: Invalid credentials
ene 27, 2026 8:14:01 AM controller.LogInWindowController logIn
GRAVE: Error trying to login: Database error
ene 27, 2026 9:09:35 AM controller.LogInWindowController logIn
INFORMACIÃ“N: Logged correctly: asanchez
ene 27, 2026 9:11:13 AM controller.LogInWindowController logIn
INFORMACIÃ“N: Logged correctly: asanchez
ene 27, 2026 9:16:46 AM controller.LogInWindowController logIn
=======
ene 27, 2026 8:53:04 AM controller.LogInWindowController logIn
>>>>>>> 87b7dbc947b54c220d62c92816988d0eaf727776
INFORMACIÃ“N: Logged correctly: asanchez
ene 27, 2026 9:20:53 AM controller.LogInWindowController logIn
INFORMACIÃ“N: Logged correctly: asanchez
ene 27, 2026 9:20:56 AM controller.ReviewsWindowController setComboBox
GRAVE: Failed to get user lists: Error initializing database connection.
ene 27, 2026 9:20:59 AM controller.ReviewsWindowController loadReview
GRAVE: Failed to load reviews: Error initializing database connection.
ene 27, 2026 12:21:30 PM controller.LogInWindowController logIn
INFORMACIÃ“N: Logged correctly: asanchez
ene 27, 2026 1:41:43 PM controller.LogInWindowController logIn
INFORMACIÃ“N: Logged correctly: asanchez
ene 27, 2026 1:42:48 PM controller.LogInWindowController logIn
INFORMACIÃ“N: Logged correctly: asanchez
ene 27, 2026 1:47:37 PM controller.LogInWindowController logIn
INFORMACIÃ“N: Logged correctly: asanchez
ene 27, 2026 1:48:02 PM controller.LogInWindowController logIn
INFORMACIÃ“N: Logged correctly: asanchez
ene 27, 2026 1:51:37 PM controller.LogInWindowController logIn
INFORMACIÃ“N: Logged correctly: asanchez
ene 27, 2026 1:55:08 PM controller.LogInWindowController logIn
INFORMACIÃ“N: Logged correctly: asanchez
ene 27, 2026 1:55:51 PM controller.LogInWindowController logIn
INFORMACIÃ“N: Logged correctly: asanchez
ene 27, 2026 1:58:34 PM controller.LogInWindowController logIn
INFORMACIÃ“N: Logged correctly: asanchez
ene 27, 2026 1:59:45 PM controller.LogInWindowController logIn
INFORMACIÃ“N: Logged correctly: asanchez
ene 27, 2026 2:00:51 PM controller.LogInWindowController logIn
INFORMACIÃ“N: Logged correctly: asanchez
ene 27, 2026 2:02:34 PM controller.LogInWindowController logIn
INFORMACIÃ“N: Logged correctly: asanchez
ene 27, 2026 2:04:07 PM controller.LogInWindowController logIn
INFORMACIÃ“N: Logged correctly: asanchez
ene 27, 2026 2:06:02 PM controller.LogInWindowController logIn
INFORMACIÃ“N: Logged correctly: asanchez
ene 27, 2026 2:07:57 PM controller.LogInWindowController logIn
INFORMACIÃ“N: Logged correctly: asanchez
ene 27, 2026 2:08:04 PM controller.ListWindowController showList
GRAVE: Failed showing lists: No connections available. The system is busy, please try again in a few moments.
ene 27, 2026 2:08:08 PM controller.ListWindowController setComboBox
GRAVE: Failed setting combobox: No connections available. The system is busy, please try again in a few moments.
ene 27, 2026 2:08:18 PM controller.ListWindowController showList
GRAVE: Failed showing lists: No connections available. The system is busy, please try again in a few moments.
ene 27, 2026 2:10:00 PM controller.ListWindowController showList
GRAVE: Failed showing lists: No connections available. The system is busy, please try again in a few moments.
ene 27, 2026 2:14:45 PM controller.LogInWindowController logIn
INFORMACIÃ“N: Logged correctly: asanchez
ene 27, 2026 2:15:46 PM controller.ListWindowController showList
GRAVE: Failed showing lists: No connections available. The system is busy, please try again in a few moments.
ene 27, 2026 2:24:16 PM controller.LogInWindowController logIn
INFORMACIÃ“N: Logged correctly: asanchez
ene 27, 2026 2:24:19 PM controller.ListWindowController showList
GRAVE: Failed showing lists: No connections available. The system is busy, please try again in a few moments.
ene 27, 2026 2:24:21 PM controller.ListWindowController setComboBox
GRAVE: Failed setting combobox: No connections available. The system is busy, please try again in a few moments.
ene 27, 2026 2:25:21 PM controller.ListWindowController showList
GRAVE: Failed showing lists: No connections available. The system is busy, please try again in a few moments.
ene 27, 2026 2:26:40 PM controller.LogInWindowController logIn
INFORMACIÃ“N: Logged correctly: asanchez
